<?xml version="1.0" encoding="UTF-8"?>
<!-- Generated by org.testng.reporters.JUnitXMLReporter -->
<testsuite ignored="2" hostname="veramasa-Lenovo-V15-G4-ABP" failures="0" tests="12" name="logintest_chrome" time="48.57" errors="0" timestamp="2025-12-28T14:09:30 IST">
  <testcase classname="testClasses.LoginSauseUI" name="logintest" time="4.971"/>
  <testcase classname="testClasses.LoginSauseUI" name="logintest" time="4.219"/>
  <testcase classname="testClasses.LoginSauseUI" name="logintest" time="4.2"/>
  <testcase classname="testClasses.LoginSauseUI" name="logintest" time="4.196"/>
  <testcase classname="testClasses.LoginSauseUI" name="logintest" time="4.196"/>
  <testcase classname="testClasses.LoginSauseUI" name="logintest" time="4.193"/>
  <testcase classname="testClasses.LoginSauseUI" name="logintest" time="4.191"/>
  <testcase classname="testClasses.LoginSauseUI" name="logintest" time="4.195"/>
  <testcase classname="testClasses.LoginSauseUI" name="logintest" time="4.187"/>
  <testcase classname="testClasses.LoginSauseUI" name="logintest" time="4.187"/>
  <testcase classname="testClasses.LoginSauseUI" name="logintest" time="4.229"/>
  <testcase classname="testClasses.LogoutUItest" name="logoutest" time="0.15"/>
  <testcase classname="testUtility.BaseClass" name="@AfterSuite tearDown" time="0.0">
    <ignored/>
  </testcase> <!-- @AfterSuite tearDown -->
  <testcase classname="testUtility.BaseClass" name="@BeforeTest beforetest" time="0.0">
    <ignored/>
  </testcase> <!-- @BeforeTest beforetest -->
</testsuite> <!-- logintest_chrome -->
