<?xml version="1.0" encoding="UTF-8"?>
<!-- Generated by org.testng.reporters.JUnitXMLReporter -->
<testsuite ignored="2" hostname="veramasa-Lenovo-V15-G4-ABP" failures="0" tests="13" name="logintest" time="39.705" errors="0" timestamp="2025-10-18T16:43:19 IST">
  <testcase classname="testClasses.LoginSauseUI" name="logintest" time="0.61"/>
  <testcase classname="testClasses.LoginSauseUI" name="logintest" time="0.212"/>
  <testcase classname="testClasses.LoginSauseUI" name="logintest" time="0.183"/>
  <testcase classname="testClasses.LoginSauseUI" name="logintest" time="0.181"/>
  <testcase classname="testClasses.LoginSauseUI" name="logintest" time="0.193"/>
  <testcase classname="testClasses.LoginSauseUI" name="logintest" time="0.179"/>
  <testcase classname="testClasses.LoginSauseUI" name="logintest" time="0.171"/>
  <testcase classname="testClasses.LoginSauseUI" name="logintest" time="0.178"/>
  <testcase classname="testClasses.LoginSauseUI" name="logintest" time="0.175"/>
  <testcase classname="testClasses.LoginSauseUI" name="logintest" time="0.17"/>
  <testcase classname="testClasses.LoginSauseUI" name="logintest" time="0.167"/>
  <testcase classname="testClasses.LoginSauseUI" name="logintest" time="0.192"/>
  <testcase classname="testClasses.HomePageTestUI" name="HomeScreen" time="36.573"/>
  <testcase classname="testUtility.BaseClass" name="@AfterSuite tearDown" time="0.0">
    <ignored/>
  </testcase> <!-- @AfterSuite tearDown -->
  <testcase classname="testUtility.BaseClass" name="@BeforeSuite beforesuite" time="0.0">
    <ignored/>
  </testcase> <!-- @BeforeSuite beforesuite -->
</testsuite> <!-- logintest -->
