<?xml version="1.0" encoding="UTF-8"?>
<!-- Generated by org.testng.reporters.JUnitXMLReporter -->
<testsuite ignored="2" hostname="veramasa-Lenovo-V15-G4-ABP" failures="0" tests="13" name="logintest" time="11.544" errors="0" timestamp="2025-10-16T18:24:40 IST">
  <testcase classname="testClasses.LoginSauseUI" name="logintest" time="0.736"/>
  <testcase classname="testClasses.LoginSauseUI" name="logintest" time="0.237"/>
  <testcase classname="testClasses.LoginSauseUI" name="logintest" time="0.197"/>
  <testcase classname="testClasses.LoginSauseUI" name="logintest" time="0.199"/>
  <testcase classname="testClasses.LoginSauseUI" name="logintest" time="0.198"/>
  <testcase classname="testClasses.LoginSauseUI" name="logintest" time="0.196"/>
  <testcase classname="testClasses.LoginSauseUI" name="logintest" time="0.188"/>
  <testcase classname="testClasses.LoginSauseUI" name="logintest" time="0.194"/>
  <testcase classname="testClasses.LoginSauseUI" name="logintest" time="0.197"/>
  <testcase classname="testClasses.LoginSauseUI" name="logintest" time="0.186"/>
  <testcase classname="testClasses.LoginSauseUI" name="logintest" time="0.194"/>
  <testcase classname="testClasses.LoginSauseUI" name="logintest" time="0.217"/>
  <testcase classname="testClasses.HomePageTestUI" name="HomeScreen" time="8.079"/>
  <testcase classname="testUtility.BaseClass" name="@AfterSuite tearDown" time="0.0">
    <ignored/>
  </testcase> <!-- @AfterSuite tearDown -->
  <testcase classname="testUtility.BaseClass" name="@BeforeSuite beforesuite" time="0.0">
    <ignored/>
  </testcase> <!-- @BeforeSuite beforesuite -->
</testsuite> <!-- logintest -->
