<?xml version="1.0" encoding="UTF-8"?>
<!-- Generated by org.testng.reporters.JUnitXMLReporter -->
<testsuite ignored="2" hostname="veramasa-Lenovo-V15-G4-ABP" failures="0" tests="12" name="logintest_chrome" time="73.834" errors="0" timestamp="2025-10-29T17:55:38 IST">
  <testcase classname="testClasses.LoginSauseUI" name="logintest" time="4.616"/>
  <testcase classname="testClasses.LoginSauseUI" name="logintest" time="4.208"/>
  <testcase classname="testClasses.LoginSauseUI" name="logintest" time="4.197"/>
  <testcase classname="testClasses.LoginSauseUI" name="logintest" time="4.183"/>
  <testcase classname="testClasses.LoginSauseUI" name="logintest" time="4.19"/>
  <testcase classname="testClasses.LoginSauseUI" name="logintest" time="4.177"/>
  <testcase classname="testClasses.LoginSauseUI" name="logintest" time="4.179"/>
  <testcase classname="testClasses.LoginSauseUI" name="logintest" time="4.182"/>
  <testcase classname="testClasses.LoginSauseUI" name="logintest" time="4.177"/>
  <testcase classname="testClasses.LoginSauseUI" name="logintest" time="4.173"/>
  <testcase classname="testClasses.LoginSauseUI" name="logintest" time="4.212"/>
  <testcase classname="testClasses.HomePageTestUI" name="HomeScreen" time="25.987"/>
  <testcase classname="testUtility.BaseClass" name="@AfterSuite tearDown" time="0.0">
    <ignored/>
  </testcase> <!-- @AfterSuite tearDown -->
  <testcase classname="testUtility.BaseClass" name="@BeforeTest beforetest" time="0.0">
    <ignored/>
  </testcase> <!-- @BeforeTest beforetest -->
</testsuite> <!-- logintest_chrome -->
