<?xml version="1.0" encoding="UTF-8"?>
<!-- Generated by org.testng.reporters.JUnitXMLReporter -->
<testsuite ignored="2" hostname="veramasa-Lenovo-V15-G4-ABP" failures="0" tests="13" name="logintest_firefox" time="34.18" errors="0" timestamp="2025-10-29T16:31:39 IST">
  <testcase classname="testClasses.LoginSauseUI" name="logintest" time="0.677"/>
  <testcase classname="testClasses.LoginSauseUI" name="logintest" time="0.371"/>
  <testcase classname="testClasses.LoginSauseUI" name="logintest" time="0.359"/>
  <testcase classname="testClasses.LoginSauseUI" name="logintest" time="0.348"/>
  <testcase classname="testClasses.LoginSauseUI" name="logintest" time="0.346"/>
  <testcase classname="testClasses.LoginSauseUI" name="logintest" time="0.339"/>
  <testcase classname="testClasses.LoginSauseUI" name="logintest" time="0.335"/>
  <testcase classname="testClasses.LoginSauseUI" name="logintest" time="0.339"/>
  <testcase classname="testClasses.LoginSauseUI" name="logintest" time="0.428"/>
  <testcase classname="testClasses.LoginSauseUI" name="logintest" time="0.271"/>
  <testcase classname="testClasses.LoginSauseUI" name="logintest" time="0.198"/>
  <testcase classname="testClasses.LoginSauseUI" name="logintest" time="0.239"/>
  <testcase classname="testClasses.HomePageTestUI" name="HomeScreen" time="27.766"/>
  <testcase classname="testUtility.BaseClass" name="@BeforeTest beforesuite" time="0.0">
    <ignored/>
  </testcase> <!-- @BeforeTest beforesuite -->
  <testcase classname="testUtility.BaseClass" name="@AfterSuite tearDown" time="0.0">
    <ignored/>
  </testcase> <!-- @AfterSuite tearDown -->
</testsuite> <!-- logintest_firefox -->
