<?xml version="1.0" encoding="UTF-8"?>
<!-- Generated by org.testng.reporters.JUnitXMLReporter -->
<testsuite ignored="2" hostname="veramasa-Lenovo-V15-G4-ABP" failures="0" tests="13" name="logintest_chrome" time="5.976" errors="0" timestamp="2025-10-29T16:31:10 IST">
  <testcase classname="testClasses.LoginSauseUI" name="logintest" time="0.645"/>
  <testcase classname="testClasses.LoginSauseUI" name="logintest" time="0.284"/>
  <testcase classname="testClasses.LoginSauseUI" name="logintest" time="0.608"/>
  <testcase classname="testClasses.LoginSauseUI" name="logintest" time="0.287"/>
  <testcase classname="testClasses.LoginSauseUI" name="logintest" time="0.357"/>
  <testcase classname="testClasses.LoginSauseUI" name="logintest" time="0.35"/>
  <testcase classname="testClasses.LoginSauseUI" name="logintest" time="0.347"/>
  <testcase classname="testClasses.LoginSauseUI" name="logintest" time="0.339"/>
  <testcase classname="testClasses.LoginSauseUI" name="logintest" time="0.336"/>
  <testcase classname="testClasses.LoginSauseUI" name="logintest" time="0.337"/>
  <testcase classname="testClasses.LoginSauseUI" name="logintest" time="0.344"/>
  <testcase classname="testClasses.LoginSauseUI" name="logintest" time="0.349"/>
  <testcase classname="testClasses.HomePageTestUI" name="HomeScreen" time="0.005"/>
  <testcase classname="testUtility.BaseClass" name="@AfterSuite tearDown" time="0.0">
    <ignored/>
  </testcase> <!-- @AfterSuite tearDown -->
  <testcase classname="testUtility.BaseClass" name="@BeforeTest beforesuite" time="0.0">
    <ignored/>
  </testcase> <!-- @BeforeTest beforesuite -->
</testsuite> <!-- logintest_chrome -->
