<?xml version="1.0" encoding="UTF-8"?>
<testng-results ignored="0" total="1" passed="1" failed="0" skipped="0">
  <reporter-output>
  </reporter-output>
  <suite started-at="2025-10-11T13:51:28 IST" name="automation suite" finished-at="2025-10-11T13:51:29 IST" duration-ms="1190">
    <groups>
    </groups>
    <test started-at="2025-10-11T13:51:28 IST" name="logintest" finished-at="2025-10-11T13:51:29 IST" duration-ms="1190">
      <class name="testClasses.LoginTestUI">
        <test-method is-config="true" signature="beforesuite()[pri:0, instance:testClasses.LoginTestUI@2c767a52]" started-at="2025-10-11T13:51:27 IST" name="beforesuite" finished-at="2025-10-11T13:51:28 IST" duration-ms="840" status="PASS">
          <reporter-output>
          </reporter-output>
        </test-method> <!-- beforesuite -->
        <test-method signature="loginuitest()[pri:0, instance:testClasses.LoginTestUI@2c767a52]" started-at="2025-10-11T13:51:28 IST" name="loginuitest" finished-at="2025-10-11T13:51:29 IST" duration-ms="1173" status="PASS">
          <reporter-output>
          </reporter-output>
        </test-method> <!-- loginuitest -->
      </class> <!-- testClasses.LoginTestUI -->
    </test> <!-- logintest -->
  </suite> <!-- automation suite -->
</testng-results>
