<?xml version="1.0" encoding="UTF-8"?>
<testng-results ignored="0" total="12" passed="12" failed="0" skipped="0">
  <reporter-output>
  </reporter-output>
  <suite started-at="2025-10-29T17:54:25 IST" name="automation suite" finished-at="2025-10-29T17:55:38 IST" duration-ms="73834">
    <groups>
    </groups>
    <test started-at="2025-10-29T17:54:25 IST" name="logintest_chrome" finished-at="2025-10-29T17:55:38 IST" duration-ms="73834">
      <class name="testClasses.LoginSauseUI">
        <test-method is-config="true" signature="beforetest(java.lang.String)[pri:0, instance:testClasses.LoginSauseUI@8dbdac1]" started-at="2025-10-29T17:54:25 IST" name="beforetest" finished-at="2025-10-29T17:54:25 IST" duration-ms="821" status="PASS">
          <params>
            <param index="0">
              <value>
                <![CDATA[chrome]]>
              </value>
            </param>
          </params>
          <reporter-output>
          </reporter-output>
        </test-method> <!-- beforetest -->
        <test-method signature="logintest(java.lang.String,java.lang.String)[pri:0, instance:testClasses.LoginSauseUI@8dbdac1]" started-at="2025-10-29T17:54:26 IST" name="logintest" data-provider="logindata" finished-at="2025-10-29T17:54:30 IST" duration-ms="4616" status="PASS">
          <params>
            <param index="0">
              <value>
                <![CDATA[standard_use]]>
              </value>
            </param>
            <param index="1">
              <value>
                <![CDATA[secret_sauce]]>
              </value>
            </param>
          </params>
          <reporter-output>
          </reporter-output>
        </test-method> <!-- logintest -->
        <test-method is-config="true" signature="failedscreenshot(org.testng.ITestResult)[pri:0, instance:testClasses.LoginSauseUI@8dbdac1]" started-at="2025-10-29T17:54:30 IST" name="failedscreenshot" finished-at="2025-10-29T17:54:30 IST" duration-ms="0" status="PASS">
          <params>
            <param index="0">
              <value>
                <![CDATA[[TestResult name=logintest status=SUCCESS method=LoginSauseUI.logintest(java.lang.String,java.lang.String)[pri:0, instance:testClasses.LoginSauseUI@8dbdac1] output={null}]]]>
              </value>
            </param>
          </params>
          <reporter-output>
          </reporter-output>
        </test-method> <!-- failedscreenshot -->
        <test-method signature="logintest(java.lang.String,java.lang.String)[pri:0, instance:testClasses.LoginSauseUI@8dbdac1]" started-at="2025-10-29T17:54:30 IST" name="logintest" data-provider="logindata" finished-at="2025-10-29T17:54:35 IST" duration-ms="4208" status="PASS">
          <params>
            <param index="0">
              <value>
                <![CDATA[standard_user]]>
              </value>
            </param>
            <param index="1">
              <value>
                <![CDATA[secret_sauc]]>
              </value>
            </param>
          </params>
          <reporter-output>
          </reporter-output>
        </test-method> <!-- logintest -->
        <test-method is-config="true" signature="failedscreenshot(org.testng.ITestResult)[pri:0, instance:testClasses.LoginSauseUI@8dbdac1]" started-at="2025-10-29T17:54:35 IST" name="failedscreenshot" finished-at="2025-10-29T17:54:35 IST" duration-ms="1" status="PASS">
          <params>
            <param index="0">
              <value>
                <![CDATA[[TestResult name=logintest status=SUCCESS method=LoginSauseUI.logintest(java.lang.String,java.lang.String)[pri:0, instance:testClasses.LoginSauseUI@8dbdac1] output={null}]]]>
              </value>
            </param>
          </params>
          <reporter-output>
          </reporter-output>
        </test-method> <!-- failedscreenshot -->
        <test-method signature="logintest(java.lang.String,java.lang.String)[pri:0, instance:testClasses.LoginSauseUI@8dbdac1]" started-at="2025-10-29T17:54:35 IST" name="logintest" data-provider="logindata" finished-at="2025-10-29T17:54:39 IST" duration-ms="4197" status="PASS">
          <params>
            <param index="0">
              <value>
                <![CDATA[standard_use]]>
              </value>
            </param>
            <param index="1">
              <value>
                <![CDATA[secret_sauc]]>
              </value>
            </param>
          </params>
          <reporter-output>
          </reporter-output>
        </test-method> <!-- logintest -->
        <test-method signature="logintest(java.lang.String,java.lang.String)[pri:0, instance:testClasses.LoginSauseUI@8dbdac1]" started-at="2025-10-29T17:54:39 IST" name="logintest" data-provider="logindata" finished-at="2025-10-29T17:54:43 IST" duration-ms="4183" status="PASS">
          <params>
            <param index="0">
              <value>
                <![CDATA[     ]]>
              </value>
            </param>
            <param index="1">
              <value>
                <![CDATA[secret_sauc]]>
              </value>
            </param>
          </params>
          <reporter-output>
          </reporter-output>
        </test-method> <!-- logintest -->
        <test-method is-config="true" signature="failedscreenshot(org.testng.ITestResult)[pri:0, instance:testClasses.LoginSauseUI@8dbdac1]" started-at="2025-10-29T17:54:39 IST" name="failedscreenshot" finished-at="2025-10-29T17:54:39 IST" duration-ms="0" status="PASS">
          <params>
            <param index="0">
              <value>
                <![CDATA[[TestResult name=logintest status=SUCCESS method=LoginSauseUI.logintest(java.lang.String,java.lang.String)[pri:0, instance:testClasses.LoginSauseUI@8dbdac1] output={null}]]]>
              </value>
            </param>
          </params>
          <reporter-output>
          </reporter-output>
        </test-method> <!-- failedscreenshot -->
        <test-method signature="logintest(java.lang.String,java.lang.String)[pri:0, instance:testClasses.LoginSauseUI@8dbdac1]" started-at="2025-10-29T17:54:43 IST" name="logintest" data-provider="logindata" finished-at="2025-10-29T17:54:47 IST" duration-ms="4190" status="PASS">
          <params>
            <param index="0">
              <value>
                <![CDATA[standard_user]]>
              </value>
            </param>
            <param index="1">
              <value>
                <![CDATA[      ]]>
              </value>
            </param>
          </params>
          <reporter-output>
          </reporter-output>
        </test-method> <!-- logintest -->
        <test-method is-config="true" signature="failedscreenshot(org.testng.ITestResult)[pri:0, instance:testClasses.LoginSauseUI@8dbdac1]" started-at="2025-10-29T17:54:43 IST" name="failedscreenshot" finished-at="2025-10-29T17:54:43 IST" duration-ms="0" status="PASS">
          <params>
            <param index="0">
              <value>
                <![CDATA[[TestResult name=logintest status=SUCCESS method=LoginSauseUI.logintest(java.lang.String,java.lang.String)[pri:0, instance:testClasses.LoginSauseUI@8dbdac1] output={null}]]]>
              </value>
            </param>
          </params>
          <reporter-output>
          </reporter-output>
        </test-method> <!-- failedscreenshot -->
        <test-method signature="logintest(java.lang.String,java.lang.String)[pri:0, instance:testClasses.LoginSauseUI@8dbdac1]" started-at="2025-10-29T17:54:47 IST" name="logintest" data-provider="logindata" finished-at="2025-10-29T17:54:51 IST" duration-ms="4177" status="PASS">
          <params>
            <param index="0">
              <value>
                <![CDATA[@@@@]]>
              </value>
            </param>
            <param index="1">
              <value>
                <![CDATA[@@@@]]>
              </value>
            </param>
          </params>
          <reporter-output>
          </reporter-output>
        </test-method> <!-- logintest -->
        <test-method is-config="true" signature="failedscreenshot(org.testng.ITestResult)[pri:0, instance:testClasses.LoginSauseUI@8dbdac1]" started-at="2025-10-29T17:54:47 IST" name="failedscreenshot" finished-at="2025-10-29T17:54:47 IST" duration-ms="0" status="PASS">
          <params>
            <param index="0">
              <value>
                <![CDATA[[TestResult name=logintest status=SUCCESS method=LoginSauseUI.logintest(java.lang.String,java.lang.String)[pri:0, instance:testClasses.LoginSauseUI@8dbdac1] output={null}]]]>
              </value>
            </param>
          </params>
          <reporter-output>
          </reporter-output>
        </test-method> <!-- failedscreenshot -->
        <test-method is-config="true" signature="failedscreenshot(org.testng.ITestResult)[pri:0, instance:testClasses.LoginSauseUI@8dbdac1]" started-at="2025-10-29T17:54:51 IST" name="failedscreenshot" finished-at="2025-10-29T17:54:51 IST" duration-ms="0" status="PASS">
          <params>
            <param index="0">
              <value>
                <![CDATA[[TestResult name=logintest status=SUCCESS method=LoginSauseUI.logintest(java.lang.String,java.lang.String)[pri:0, instance:testClasses.LoginSauseUI@8dbdac1] output={null}]]]>
              </value>
            </param>
          </params>
          <reporter-output>
          </reporter-output>
        </test-method> <!-- failedscreenshot -->
        <test-method signature="logintest(java.lang.String,java.lang.String)[pri:0, instance:testClasses.LoginSauseUI@8dbdac1]" started-at="2025-10-29T17:54:51 IST" name="logintest" data-provider="logindata" finished-at="2025-10-29T17:54:56 IST" duration-ms="4179" status="PASS">
          <params>
            <param index="0">
              <value>
                <![CDATA[6655656]]>
              </value>
            </param>
            <param index="1">
              <value>
                <![CDATA[565665]]>
              </value>
            </param>
          </params>
          <reporter-output>
          </reporter-output>
        </test-method> <!-- logintest -->
        <test-method is-config="true" signature="failedscreenshot(org.testng.ITestResult)[pri:0, instance:testClasses.LoginSauseUI@8dbdac1]" started-at="2025-10-29T17:54:56 IST" name="failedscreenshot" finished-at="2025-10-29T17:54:56 IST" duration-ms="0" status="PASS">
          <params>
            <param index="0">
              <value>
                <![CDATA[[TestResult name=logintest status=SUCCESS method=LoginSauseUI.logintest(java.lang.String,java.lang.String)[pri:0, instance:testClasses.LoginSauseUI@8dbdac1] output={null}]]]>
              </value>
            </param>
          </params>
          <reporter-output>
          </reporter-output>
        </test-method> <!-- failedscreenshot -->
        <test-method signature="logintest(java.lang.String,java.lang.String)[pri:0, instance:testClasses.LoginSauseUI@8dbdac1]" started-at="2025-10-29T17:54:56 IST" name="logintest" data-provider="logindata" finished-at="2025-10-29T17:55:00 IST" duration-ms="4182" status="PASS">
          <params>
            <param index="0">
              <value>
                <![CDATA[5546654]]>
              </value>
            </param>
            <param index="1">
              <value>
                <![CDATA[secret_sauc]]>
              </value>
            </param>
          </params>
          <reporter-output>
          </reporter-output>
        </test-method> <!-- logintest -->
        <test-method signature="logintest(java.lang.String,java.lang.String)[pri:0, instance:testClasses.LoginSauseUI@8dbdac1]" started-at="2025-10-29T17:55:00 IST" name="logintest" data-provider="logindata" finished-at="2025-10-29T17:55:04 IST" duration-ms="4177" status="PASS">
          <params>
            <param index="0">
              <value>
                <![CDATA[,,,,]]>
              </value>
            </param>
            <param index="1">
              <value>
                <![CDATA[      ]]>
              </value>
            </param>
          </params>
          <reporter-output>
          </reporter-output>
        </test-method> <!-- logintest -->
        <test-method is-config="true" signature="failedscreenshot(org.testng.ITestResult)[pri:0, instance:testClasses.LoginSauseUI@8dbdac1]" started-at="2025-10-29T17:55:00 IST" name="failedscreenshot" finished-at="2025-10-29T17:55:00 IST" duration-ms="0" status="PASS">
          <params>
            <param index="0">
              <value>
                <![CDATA[[TestResult name=logintest status=SUCCESS method=LoginSauseUI.logintest(java.lang.String,java.lang.String)[pri:0, instance:testClasses.LoginSauseUI@8dbdac1] output={null}]]]>
              </value>
            </param>
          </params>
          <reporter-output>
          </reporter-output>
        </test-method> <!-- failedscreenshot -->
        <test-method signature="logintest(java.lang.String,java.lang.String)[pri:0, instance:testClasses.LoginSauseUI@8dbdac1]" started-at="2025-10-29T17:55:04 IST" name="logintest" data-provider="logindata" finished-at="2025-10-29T17:55:08 IST" duration-ms="4173" status="PASS">
          <params>
            <param index="0">
              <value>
                <![CDATA[     ]]>
              </value>
            </param>
            <param index="1">
              <value>
                <![CDATA[,,,,,,]]>
              </value>
            </param>
          </params>
          <reporter-output>
          </reporter-output>
        </test-method> <!-- logintest -->
        <test-method is-config="true" signature="failedscreenshot(org.testng.ITestResult)[pri:0, instance:testClasses.LoginSauseUI@8dbdac1]" started-at="2025-10-29T17:55:04 IST" name="failedscreenshot" finished-at="2025-10-29T17:55:04 IST" duration-ms="0" status="PASS">
          <params>
            <param index="0">
              <value>
                <![CDATA[[TestResult name=logintest status=SUCCESS method=LoginSauseUI.logintest(java.lang.String,java.lang.String)[pri:0, instance:testClasses.LoginSauseUI@8dbdac1] output={null}]]]>
              </value>
            </param>
          </params>
          <reporter-output>
          </reporter-output>
        </test-method> <!-- failedscreenshot -->
        <test-method signature="logintest(java.lang.String,java.lang.String)[pri:0, instance:testClasses.LoginSauseUI@8dbdac1]" started-at="2025-10-29T17:55:08 IST" name="logintest" data-provider="logindata" finished-at="2025-10-29T17:55:12 IST" duration-ms="4212" status="PASS">
          <params>
            <param index="0">
              <value>
                <![CDATA[standard_user]]>
              </value>
            </param>
            <param index="1">
              <value>
                <![CDATA[secret_sauce]]>
              </value>
            </param>
          </params>
          <reporter-output>
          </reporter-output>
        </test-method> <!-- logintest -->
        <test-method is-config="true" signature="failedscreenshot(org.testng.ITestResult)[pri:0, instance:testClasses.LoginSauseUI@8dbdac1]" started-at="2025-10-29T17:55:08 IST" name="failedscreenshot" finished-at="2025-10-29T17:55:08 IST" duration-ms="0" status="PASS">
          <params>
            <param index="0">
              <value>
                <![CDATA[[TestResult name=logintest status=SUCCESS method=LoginSauseUI.logintest(java.lang.String,java.lang.String)[pri:0, instance:testClasses.LoginSauseUI@8dbdac1] output={null}]]]>
              </value>
            </param>
          </params>
          <reporter-output>
          </reporter-output>
        </test-method> <!-- failedscreenshot -->
        <test-method is-config="true" signature="failedscreenshot(org.testng.ITestResult)[pri:0, instance:testClasses.LoginSauseUI@8dbdac1]" started-at="2025-10-29T17:55:12 IST" name="failedscreenshot" finished-at="2025-10-29T17:55:12 IST" duration-ms="0" status="PASS">
          <params>
            <param index="0">
              <value>
                <![CDATA[[TestResult name=logintest status=SUCCESS method=LoginSauseUI.logintest(java.lang.String,java.lang.String)[pri:0, instance:testClasses.LoginSauseUI@8dbdac1] output={null}]]]>
              </value>
            </param>
          </params>
          <reporter-output>
          </reporter-output>
        </test-method> <!-- failedscreenshot -->
        <test-method is-config="true" signature="tearDown()[pri:0, instance:testClasses.LoginSauseUI@8dbdac1]" started-at="2025-10-29T17:55:38 IST" name="tearDown" finished-at="2025-10-29T17:55:39 IST" duration-ms="167" status="PASS">
          <reporter-output>
          </reporter-output>
        </test-method> <!-- tearDown -->
      </class> <!-- testClasses.LoginSauseUI -->
      <class name="testClasses.HomePageTestUI">
        <test-method signature="HomeScreen()[pri:0, instance:testClasses.HomePageTestUI@3bb9a3ff]" started-at="2025-10-29T17:55:12 IST" name="HomeScreen" finished-at="2025-10-29T17:55:38 IST" duration-ms="25987" status="PASS">
          <reporter-output>
          </reporter-output>
        </test-method> <!-- HomeScreen -->
        <test-method is-config="true" signature="failedscreenshot(org.testng.ITestResult)[pri:0, instance:testClasses.HomePageTestUI@3bb9a3ff]" started-at="2025-10-29T17:55:38 IST" name="failedscreenshot" finished-at="2025-10-29T17:55:38 IST" duration-ms="0" status="PASS">
          <params>
            <param index="0">
              <value>
                <![CDATA[[TestResult name=HomeScreen status=SUCCESS method=HomePageTestUI.HomeScreen()[pri:0, instance:testClasses.HomePageTestUI@3bb9a3ff] output={null}]]]>
              </value>
            </param>
          </params>
          <reporter-output>
          </reporter-output>
        </test-method> <!-- failedscreenshot -->
      </class> <!-- testClasses.HomePageTestUI -->
    </test> <!-- logintest_chrome -->
  </suite> <!-- automation suite -->
</testng-results>
