<?xml version="1.0" encoding="UTF-8"?>
<testsuite xmlns:xsi="http://www.w3.org/2001/XMLSchema-instance" xsi:noNamespaceSchemaLocation="https://maven.apache.org/surefire/maven-surefire-plugin/xsd/surefire-test-report-3.0.xsd" version="3.0" name="TestSuite" time="48.999" tests="12" errors="0" skipped="0" failures="0">
  <properties>
[...]
</properties>
  <testcase name="logintest[standard_use, secret_sauce](1)" classname="testClasses.LoginSauseUI" time="4.972">
    <system-err><![CDATA[SLF4J(W): No SLF4J providers were found.
SLF4J(W): Defaulting to no-operation (NOP) logger implementation
SLF4J(W): See https://www.slf4j.org/codes.html#noProviders for further details.
Dec 28, 2025 2:08:42 PM org.openqa.selenium.devtools.CdpVersionFinder findNearestMatch
WARNING: Unable to find CDP implementation matching 142
Dec 28, 2025 2:08:42 PM org.openqa.selenium.chromium.ChromiumDriver lambda$new$5
WARNING: Unable to find version of CDP to use for 142.0.7444.175. You may need to include a dependency on a specific version of the CDP using something similar to `org.seleniumhq.selenium:selenium-devtools-v86:4.23.0` where the version ("v86") matches the version of the chromium-based browser you're using and the version number of the artifact is the same as Selenium's.
]]></system-err>
  </testcase>
  <testcase name="logintest[standard_user, secret_sauc](2)" classname="testClasses.LoginSauseUI" time="4.219"/>
  <testcase name="logintest[standard_use, secret_sauc](3)" classname="testClasses.LoginSauseUI" time="4.201"/>
  <testcase name="logintest[     , secret_sauc](4)" classname="testClasses.LoginSauseUI" time="4.196"/>
  <testcase name="logintest[standard_user,       ](5)" classname="testClasses.LoginSauseUI" time="4.197"/>
  <testcase name="logintest[@@@@, @@@@](6)" classname="testClasses.LoginSauseUI" time="4.193"/>
  <testcase name="logintest[6655656, 565665](7)" classname="testClasses.LoginSauseUI" time="4.191"/>
  <testcase name="logintest[5546654, secret_sauc](8)" classname="testClasses.LoginSauseUI" time="4.195"/>
  <testcase name="logintest[,,,,,       ](9)" classname="testClasses.LoginSauseUI" time="4.188"/>
  <testcase name="logintest[     , ,,,,,,](10)" classname="testClasses.LoginSauseUI" time="4.187"/>
  <testcase name="logintest[standard_user, secret_sauce](11)" classname="testClasses.LoginSauseUI" time="4.229"/>
  <testcase name="logoutest" classname="testClasses.LogoutUItest" time="0.151"/>
</testsuite>