<?xml version="1.0" encoding="UTF-8"?>
<testng-results ignored="0" total="13" passed="13" failed="0" skipped="0">
  <reporter-output>
  </reporter-output>
  <suite started-at="2025-10-18T16:42:39 IST" name="automation suite" finished-at="2025-10-18T16:43:19 IST" duration-ms="39705">
    <groups>
    </groups>
    <test started-at="2025-10-18T16:42:39 IST" name="logintest" finished-at="2025-10-18T16:43:19 IST" duration-ms="39705">
      <class name="testClasses.LoginSauseUI">
        <test-method is-config="true" signature="beforesuite()[pri:0, instance:testClasses.LoginSauseUI@6c80d78a]" started-at="2025-10-18T16:42:39 IST" name="beforesuite" finished-at="2025-10-18T16:42:39 IST" duration-ms="766" status="PASS">
          <reporter-output>
          </reporter-output>
        </test-method> <!-- beforesuite -->
        <test-method signature="logintest(java.lang.String,java.lang.String)[pri:0, instance:testClasses.LoginSauseUI@6c80d78a]" started-at="2025-10-18T16:42:40 IST" name="logintest" data-provider="logindata" finished-at="2025-10-18T16:42:41 IST" duration-ms="610" status="PASS">
          <params>
            <param index="0">
              <value>
                <![CDATA[standard_user]]>
              </value>
            </param>
            <param index="1">
              <value>
                <![CDATA[secret_sauce]]>
              </value>
            </param>
          </params>
          <reporter-output>
          </reporter-output>
        </test-method> <!-- logintest -->
        <test-method signature="logintest(java.lang.String,java.lang.String)[pri:0, instance:testClasses.LoginSauseUI@6c80d78a]" started-at="2025-10-18T16:42:41 IST" name="logintest" data-provider="logindata" finished-at="2025-10-18T16:42:41 IST" duration-ms="212" status="PASS">
          <params>
            <param index="0">
              <value>
                <![CDATA[standard_use]]>
              </value>
            </param>
            <param index="1">
              <value>
                <![CDATA[secret_sauce]]>
              </value>
            </param>
          </params>
          <reporter-output>
          </reporter-output>
        </test-method> <!-- logintest -->
        <test-method signature="logintest(java.lang.String,java.lang.String)[pri:0, instance:testClasses.LoginSauseUI@6c80d78a]" started-at="2025-10-18T16:42:41 IST" name="logintest" data-provider="logindata" finished-at="2025-10-18T16:42:41 IST" duration-ms="183" status="PASS">
          <params>
            <param index="0">
              <value>
                <![CDATA[standard_user]]>
              </value>
            </param>
            <param index="1">
              <value>
                <![CDATA[secret_sauc]]>
              </value>
            </param>
          </params>
          <reporter-output>
          </reporter-output>
        </test-method> <!-- logintest -->
        <test-method signature="logintest(java.lang.String,java.lang.String)[pri:0, instance:testClasses.LoginSauseUI@6c80d78a]" started-at="2025-10-18T16:42:41 IST" name="logintest" data-provider="logindata" finished-at="2025-10-18T16:42:41 IST" duration-ms="181" status="PASS">
          <params>
            <param index="0">
              <value>
                <![CDATA[standard_use]]>
              </value>
            </param>
            <param index="1">
              <value>
                <![CDATA[secret_sauc]]>
              </value>
            </param>
          </params>
          <reporter-output>
          </reporter-output>
        </test-method> <!-- logintest -->
        <test-method signature="logintest(java.lang.String,java.lang.String)[pri:0, instance:testClasses.LoginSauseUI@6c80d78a]" started-at="2025-10-18T16:42:41 IST" name="logintest" data-provider="logindata" finished-at="2025-10-18T16:42:41 IST" duration-ms="193" status="PASS">
          <params>
            <param index="0">
              <value>
                <![CDATA[     ]]>
              </value>
            </param>
            <param index="1">
              <value>
                <![CDATA[secret_sauc]]>
              </value>
            </param>
          </params>
          <reporter-output>
          </reporter-output>
        </test-method> <!-- logintest -->
        <test-method signature="logintest(java.lang.String,java.lang.String)[pri:0, instance:testClasses.LoginSauseUI@6c80d78a]" started-at="2025-10-18T16:42:41 IST" name="logintest" data-provider="logindata" finished-at="2025-10-18T16:42:42 IST" duration-ms="179" status="PASS">
          <params>
            <param index="0">
              <value>
                <![CDATA[standard_user]]>
              </value>
            </param>
            <param index="1">
              <value>
                <![CDATA[      ]]>
              </value>
            </param>
          </params>
          <reporter-output>
          </reporter-output>
        </test-method> <!-- logintest -->
        <test-method signature="logintest(java.lang.String,java.lang.String)[pri:0, instance:testClasses.LoginSauseUI@6c80d78a]" started-at="2025-10-18T16:42:42 IST" name="logintest" data-provider="logindata" finished-at="2025-10-18T16:42:42 IST" duration-ms="171" status="PASS">
          <params>
            <param index="0">
              <value>
                <![CDATA[@@@@]]>
              </value>
            </param>
            <param index="1">
              <value>
                <![CDATA[@@@@]]>
              </value>
            </param>
          </params>
          <reporter-output>
          </reporter-output>
        </test-method> <!-- logintest -->
        <test-method signature="logintest(java.lang.String,java.lang.String)[pri:0, instance:testClasses.LoginSauseUI@6c80d78a]" started-at="2025-10-18T16:42:42 IST" name="logintest" data-provider="logindata" finished-at="2025-10-18T16:42:42 IST" duration-ms="178" status="PASS">
          <params>
            <param index="0">
              <value>
                <![CDATA[6655656]]>
              </value>
            </param>
            <param index="1">
              <value>
                <![CDATA[565665]]>
              </value>
            </param>
          </params>
          <reporter-output>
          </reporter-output>
        </test-method> <!-- logintest -->
        <test-method signature="logintest(java.lang.String,java.lang.String)[pri:0, instance:testClasses.LoginSauseUI@6c80d78a]" started-at="2025-10-18T16:42:42 IST" name="logintest" data-provider="logindata" finished-at="2025-10-18T16:42:42 IST" duration-ms="175" status="PASS">
          <params>
            <param index="0">
              <value>
                <![CDATA[5546654]]>
              </value>
            </param>
            <param index="1">
              <value>
                <![CDATA[secret_sauc]]>
              </value>
            </param>
          </params>
          <reporter-output>
          </reporter-output>
        </test-method> <!-- logintest -->
        <test-method signature="logintest(java.lang.String,java.lang.String)[pri:0, instance:testClasses.LoginSauseUI@6c80d78a]" started-at="2025-10-18T16:42:42 IST" name="logintest" data-provider="logindata" finished-at="2025-10-18T16:42:42 IST" duration-ms="170" status="PASS">
          <params>
            <param index="0">
              <value>
                <![CDATA[,,,,]]>
              </value>
            </param>
            <param index="1">
              <value>
                <![CDATA[      ]]>
              </value>
            </param>
          </params>
          <reporter-output>
          </reporter-output>
        </test-method> <!-- logintest -->
        <test-method signature="logintest(java.lang.String,java.lang.String)[pri:0, instance:testClasses.LoginSauseUI@6c80d78a]" started-at="2025-10-18T16:42:42 IST" name="logintest" data-provider="logindata" finished-at="2025-10-18T16:42:42 IST" duration-ms="167" status="PASS">
          <params>
            <param index="0">
              <value>
                <![CDATA[     ]]>
              </value>
            </param>
            <param index="1">
              <value>
                <![CDATA[,,,,,,]]>
              </value>
            </param>
          </params>
          <reporter-output>
          </reporter-output>
        </test-method> <!-- logintest -->
        <test-method signature="logintest(java.lang.String,java.lang.String)[pri:0, instance:testClasses.LoginSauseUI@6c80d78a]" started-at="2025-10-18T16:42:42 IST" name="logintest" data-provider="logindata" finished-at="2025-10-18T16:42:43 IST" duration-ms="192" status="PASS">
          <params>
            <param index="0">
              <value>
                <![CDATA[standard_user]]>
              </value>
            </param>
            <param index="1">
              <value>
                <![CDATA[secret_sauce]]>
              </value>
            </param>
          </params>
          <reporter-output>
          </reporter-output>
        </test-method> <!-- logintest -->
        <test-method is-config="true" signature="tearDown()[pri:0, instance:testClasses.LoginSauseUI@6c80d78a]" started-at="2025-10-18T16:43:19 IST" name="tearDown" finished-at="2025-10-18T16:43:19 IST" duration-ms="169" status="PASS">
          <reporter-output>
          </reporter-output>
        </test-method> <!-- tearDown -->
      </class> <!-- testClasses.LoginSauseUI -->
      <class name="testClasses.HomePageTestUI">
        <test-method signature="HomeScreen()[pri:0, instance:testClasses.HomePageTestUI@8dbdac1]" started-at="2025-10-18T16:42:43 IST" name="HomeScreen" finished-at="2025-10-18T16:43:19 IST" duration-ms="36573" status="PASS">
          <reporter-output>
          </reporter-output>
        </test-method> <!-- HomeScreen -->
      </class> <!-- testClasses.HomePageTestUI -->
    </test> <!-- logintest -->
  </suite> <!-- automation suite -->
</testng-results>
