<?xml version="1.0" encoding="UTF-8"?>
<testng-results ignored="0" total="12" passed="12" failed="0" skipped="0">
  <reporter-output>
  </reporter-output>
  <suite started-at="2025-12-28T14:08:42 IST" name="automation suite" finished-at="2025-12-28T14:09:30 IST" duration-ms="48570">
    <groups>
    </groups>
    <test started-at="2025-12-28T14:08:42 IST" name="logintest_chrome" finished-at="2025-12-28T14:09:30 IST" duration-ms="48570">
      <class name="testClasses.LoginSauseUI">
        <test-method is-config="true" signature="beforetest(java.lang.String)[pri:0, instance:testClasses.LoginSauseUI@8dbdac1]" started-at="2025-12-28T14:08:42 IST" name="beforetest" finished-at="2025-12-28T14:08:43 IST" duration-ms="909" status="PASS">
          <params>
            <param index="0">
              <value>
                <![CDATA[chrome]]>
              </value>
            </param>
          </params>
          <reporter-output>
          </reporter-output>
        </test-method> <!-- beforetest -->
        <test-method signature="logintest(java.lang.String,java.lang.String)[pri:0, instance:testClasses.LoginSauseUI@8dbdac1]" started-at="2025-12-28T14:08:43 IST" name="logintest" data-provider="logindata" finished-at="2025-12-28T14:08:48 IST" duration-ms="4971" status="PASS">
          <params>
            <param index="0">
              <value>
                <![CDATA[standard_use]]>
              </value>
            </param>
            <param index="1">
              <value>
                <![CDATA[secret_sauce]]>
              </value>
            </param>
          </params>
          <reporter-output>
          </reporter-output>
        </test-method> <!-- logintest -->
        <test-method is-config="true" signature="failedscreenshot(org.testng.ITestResult)[pri:0, instance:testClasses.LoginSauseUI@8dbdac1]" started-at="2025-12-28T14:08:48 IST" name="failedscreenshot" finished-at="2025-12-28T14:08:48 IST" duration-ms="1" status="PASS">
          <params>
            <param index="0">
              <value>
                <![CDATA[[TestResult name=logintest status=SUCCESS method=LoginSauseUI.logintest(java.lang.String,java.lang.String)[pri:0, instance:testClasses.LoginSauseUI@8dbdac1] output={null}]]]>
              </value>
            </param>
          </params>
          <reporter-output>
          </reporter-output>
        </test-method> <!-- failedscreenshot -->
        <test-method signature="logintest(java.lang.String,java.lang.String)[pri:0, instance:testClasses.LoginSauseUI@8dbdac1]" started-at="2025-12-28T14:08:48 IST" name="logintest" data-provider="logindata" finished-at="2025-12-28T14:08:52 IST" duration-ms="4219" status="PASS">
          <params>
            <param index="0">
              <value>
                <![CDATA[standard_user]]>
              </value>
            </param>
            <param index="1">
              <value>
                <![CDATA[secret_sauc]]>
              </value>
            </param>
          </params>
          <reporter-output>
          </reporter-output>
        </test-method> <!-- logintest -->
        <test-method signature="logintest(java.lang.String,java.lang.String)[pri:0, instance:testClasses.LoginSauseUI@8dbdac1]" started-at="2025-12-28T14:08:52 IST" name="logintest" data-provider="logindata" finished-at="2025-12-28T14:08:57 IST" duration-ms="4200" status="PASS">
          <params>
            <param index="0">
              <value>
                <![CDATA[standard_use]]>
              </value>
            </param>
            <param index="1">
              <value>
                <![CDATA[secret_sauc]]>
              </value>
            </param>
          </params>
          <reporter-output>
          </reporter-output>
        </test-method> <!-- logintest -->
        <test-method is-config="true" signature="failedscreenshot(org.testng.ITestResult)[pri:0, instance:testClasses.LoginSauseUI@8dbdac1]" started-at="2025-12-28T14:08:52 IST" name="failedscreenshot" finished-at="2025-12-28T14:08:52 IST" duration-ms="0" status="PASS">
          <params>
            <param index="0">
              <value>
                <![CDATA[[TestResult name=logintest status=SUCCESS method=LoginSauseUI.logintest(java.lang.String,java.lang.String)[pri:0, instance:testClasses.LoginSauseUI@8dbdac1] output={null}]]]>
              </value>
            </param>
          </params>
          <reporter-output>
          </reporter-output>
        </test-method> <!-- failedscreenshot -->
        <test-method signature="logintest(java.lang.String,java.lang.String)[pri:0, instance:testClasses.LoginSauseUI@8dbdac1]" started-at="2025-12-28T14:08:57 IST" name="logintest" data-provider="logindata" finished-at="2025-12-28T14:09:01 IST" duration-ms="4196" status="PASS">
          <params>
            <param index="0">
              <value>
                <![CDATA[     ]]>
              </value>
            </param>
            <param index="1">
              <value>
                <![CDATA[secret_sauc]]>
              </value>
            </param>
          </params>
          <reporter-output>
          </reporter-output>
        </test-method> <!-- logintest -->
        <test-method is-config="true" signature="failedscreenshot(org.testng.ITestResult)[pri:0, instance:testClasses.LoginSauseUI@8dbdac1]" started-at="2025-12-28T14:08:57 IST" name="failedscreenshot" finished-at="2025-12-28T14:08:57 IST" duration-ms="0" status="PASS">
          <params>
            <param index="0">
              <value>
                <![CDATA[[TestResult name=logintest status=SUCCESS method=LoginSauseUI.logintest(java.lang.String,java.lang.String)[pri:0, instance:testClasses.LoginSauseUI@8dbdac1] output={null}]]]>
              </value>
            </param>
          </params>
          <reporter-output>
          </reporter-output>
        </test-method> <!-- failedscreenshot -->
        <test-method signature="logintest(java.lang.String,java.lang.String)[pri:0, instance:testClasses.LoginSauseUI@8dbdac1]" started-at="2025-12-28T14:09:01 IST" name="logintest" data-provider="logindata" finished-at="2025-12-28T14:09:05 IST" duration-ms="4196" status="PASS">
          <params>
            <param index="0">
              <value>
                <![CDATA[standard_user]]>
              </value>
            </param>
            <param index="1">
              <value>
                <![CDATA[      ]]>
              </value>
            </param>
          </params>
          <reporter-output>
          </reporter-output>
        </test-method> <!-- logintest -->
        <test-method is-config="true" signature="failedscreenshot(org.testng.ITestResult)[pri:0, instance:testClasses.LoginSauseUI@8dbdac1]" started-at="2025-12-28T14:09:01 IST" name="failedscreenshot" finished-at="2025-12-28T14:09:01 IST" duration-ms="0" status="PASS">
          <params>
            <param index="0">
              <value>
                <![CDATA[[TestResult name=logintest status=SUCCESS method=LoginSauseUI.logintest(java.lang.String,java.lang.String)[pri:0, instance:testClasses.LoginSauseUI@8dbdac1] output={null}]]]>
              </value>
            </param>
          </params>
          <reporter-output>
          </reporter-output>
        </test-method> <!-- failedscreenshot -->
        <test-method signature="logintest(java.lang.String,java.lang.String)[pri:0, instance:testClasses.LoginSauseUI@8dbdac1]" started-at="2025-12-28T14:09:05 IST" name="logintest" data-provider="logindata" finished-at="2025-12-28T14:09:09 IST" duration-ms="4193" status="PASS">
          <params>
            <param index="0">
              <value>
                <![CDATA[@@@@]]>
              </value>
            </param>
            <param index="1">
              <value>
                <![CDATA[@@@@]]>
              </value>
            </param>
          </params>
          <reporter-output>
          </reporter-output>
        </test-method> <!-- logintest -->
        <test-method is-config="true" signature="failedscreenshot(org.testng.ITestResult)[pri:0, instance:testClasses.LoginSauseUI@8dbdac1]" started-at="2025-12-28T14:09:05 IST" name="failedscreenshot" finished-at="2025-12-28T14:09:05 IST" duration-ms="0" status="PASS">
          <params>
            <param index="0">
              <value>
                <![CDATA[[TestResult name=logintest status=SUCCESS method=LoginSauseUI.logintest(java.lang.String,java.lang.String)[pri:0, instance:testClasses.LoginSauseUI@8dbdac1] output={null}]]]>
              </value>
            </param>
          </params>
          <reporter-output>
          </reporter-output>
        </test-method> <!-- failedscreenshot -->
        <test-method signature="logintest(java.lang.String,java.lang.String)[pri:0, instance:testClasses.LoginSauseUI@8dbdac1]" started-at="2025-12-28T14:09:09 IST" name="logintest" data-provider="logindata" finished-at="2025-12-28T14:09:13 IST" duration-ms="4191" status="PASS">
          <params>
            <param index="0">
              <value>
                <![CDATA[6655656]]>
              </value>
            </param>
            <param index="1">
              <value>
                <![CDATA[565665]]>
              </value>
            </param>
          </params>
          <reporter-output>
          </reporter-output>
        </test-method> <!-- logintest -->
        <test-method is-config="true" signature="failedscreenshot(org.testng.ITestResult)[pri:0, instance:testClasses.LoginSauseUI@8dbdac1]" started-at="2025-12-28T14:09:09 IST" name="failedscreenshot" finished-at="2025-12-28T14:09:09 IST" duration-ms="0" status="PASS">
          <params>
            <param index="0">
              <value>
                <![CDATA[[TestResult name=logintest status=SUCCESS method=LoginSauseUI.logintest(java.lang.String,java.lang.String)[pri:0, instance:testClasses.LoginSauseUI@8dbdac1] output={null}]]]>
              </value>
            </param>
          </params>
          <reporter-output>
          </reporter-output>
        </test-method> <!-- failedscreenshot -->
        <test-method signature="logintest(java.lang.String,java.lang.String)[pri:0, instance:testClasses.LoginSauseUI@8dbdac1]" started-at="2025-12-28T14:09:13 IST" name="logintest" data-provider="logindata" finished-at="2025-12-28T14:09:17 IST" duration-ms="4195" status="PASS">
          <params>
            <param index="0">
              <value>
                <![CDATA[5546654]]>
              </value>
            </param>
            <param index="1">
              <value>
                <![CDATA[secret_sauc]]>
              </value>
            </param>
          </params>
          <reporter-output>
          </reporter-output>
        </test-method> <!-- logintest -->
        <test-method is-config="true" signature="failedscreenshot(org.testng.ITestResult)[pri:0, instance:testClasses.LoginSauseUI@8dbdac1]" started-at="2025-12-28T14:09:13 IST" name="failedscreenshot" finished-at="2025-12-28T14:09:13 IST" duration-ms="0" status="PASS">
          <params>
            <param index="0">
              <value>
                <![CDATA[[TestResult name=logintest status=SUCCESS method=LoginSauseUI.logintest(java.lang.String,java.lang.String)[pri:0, instance:testClasses.LoginSauseUI@8dbdac1] output={null}]]]>
              </value>
            </param>
          </params>
          <reporter-output>
          </reporter-output>
        </test-method> <!-- failedscreenshot -->
        <test-method is-config="true" signature="failedscreenshot(org.testng.ITestResult)[pri:0, instance:testClasses.LoginSauseUI@8dbdac1]" started-at="2025-12-28T14:09:17 IST" name="failedscreenshot" finished-at="2025-12-28T14:09:17 IST" duration-ms="1" status="PASS">
          <params>
            <param index="0">
              <value>
                <![CDATA[[TestResult name=logintest status=SUCCESS method=LoginSauseUI.logintest(java.lang.String,java.lang.String)[pri:0, instance:testClasses.LoginSauseUI@8dbdac1] output={null}]]]>
              </value>
            </param>
          </params>
          <reporter-output>
          </reporter-output>
        </test-method> <!-- failedscreenshot -->
        <test-method signature="logintest(java.lang.String,java.lang.String)[pri:0, instance:testClasses.LoginSauseUI@8dbdac1]" started-at="2025-12-28T14:09:17 IST" name="logintest" data-provider="logindata" finished-at="2025-12-28T14:09:22 IST" duration-ms="4187" status="PASS">
          <params>
            <param index="0">
              <value>
                <![CDATA[,,,,]]>
              </value>
            </param>
            <param index="1">
              <value>
                <![CDATA[      ]]>
              </value>
            </param>
          </params>
          <reporter-output>
          </reporter-output>
        </test-method> <!-- logintest -->
        <test-method signature="logintest(java.lang.String,java.lang.String)[pri:0, instance:testClasses.LoginSauseUI@8dbdac1]" started-at="2025-12-28T14:09:22 IST" name="logintest" data-provider="logindata" finished-at="2025-12-28T14:09:26 IST" duration-ms="4187" status="PASS">
          <params>
            <param index="0">
              <value>
                <![CDATA[     ]]>
              </value>
            </param>
            <param index="1">
              <value>
                <![CDATA[,,,,,,]]>
              </value>
            </param>
          </params>
          <reporter-output>
          </reporter-output>
        </test-method> <!-- logintest -->
        <test-method is-config="true" signature="failedscreenshot(org.testng.ITestResult)[pri:0, instance:testClasses.LoginSauseUI@8dbdac1]" started-at="2025-12-28T14:09:22 IST" name="failedscreenshot" finished-at="2025-12-28T14:09:22 IST" duration-ms="0" status="PASS">
          <params>
            <param index="0">
              <value>
                <![CDATA[[TestResult name=logintest status=SUCCESS method=LoginSauseUI.logintest(java.lang.String,java.lang.String)[pri:0, instance:testClasses.LoginSauseUI@8dbdac1] output={null}]]]>
              </value>
            </param>
          </params>
          <reporter-output>
          </reporter-output>
        </test-method> <!-- failedscreenshot -->
        <test-method signature="logintest(java.lang.String,java.lang.String)[pri:0, instance:testClasses.LoginSauseUI@8dbdac1]" started-at="2025-12-28T14:09:26 IST" name="logintest" data-provider="logindata" finished-at="2025-12-28T14:09:30 IST" duration-ms="4229" status="PASS">
          <params>
            <param index="0">
              <value>
                <![CDATA[standard_user]]>
              </value>
            </param>
            <param index="1">
              <value>
                <![CDATA[secret_sauce]]>
              </value>
            </param>
          </params>
          <reporter-output>
          </reporter-output>
        </test-method> <!-- logintest -->
        <test-method is-config="true" signature="failedscreenshot(org.testng.ITestResult)[pri:0, instance:testClasses.LoginSauseUI@8dbdac1]" started-at="2025-12-28T14:09:26 IST" name="failedscreenshot" finished-at="2025-12-28T14:09:26 IST" duration-ms="0" status="PASS">
          <params>
            <param index="0">
              <value>
                <![CDATA[[TestResult name=logintest status=SUCCESS method=LoginSauseUI.logintest(java.lang.String,java.lang.String)[pri:0, instance:testClasses.LoginSauseUI@8dbdac1] output={null}]]]>
              </value>
            </param>
          </params>
          <reporter-output>
          </reporter-output>
        </test-method> <!-- failedscreenshot -->
        <test-method is-config="true" signature="failedscreenshot(org.testng.ITestResult)[pri:0, instance:testClasses.LoginSauseUI@8dbdac1]" started-at="2025-12-28T14:09:30 IST" name="failedscreenshot" finished-at="2025-12-28T14:09:30 IST" duration-ms="0" status="PASS">
          <params>
            <param index="0">
              <value>
                <![CDATA[[TestResult name=logintest status=SUCCESS method=LoginSauseUI.logintest(java.lang.String,java.lang.String)[pri:0, instance:testClasses.LoginSauseUI@8dbdac1] output={null}]]]>
              </value>
            </param>
          </params>
          <reporter-output>
          </reporter-output>
        </test-method> <!-- failedscreenshot -->
        <test-method is-config="true" signature="tearDown()[pri:0, instance:testClasses.LoginSauseUI@8dbdac1]" started-at="2025-12-28T14:09:30 IST" name="tearDown" finished-at="2025-12-28T14:09:30 IST" duration-ms="157" status="PASS">
          <reporter-output>
          </reporter-output>
        </test-method> <!-- tearDown -->
      </class> <!-- testClasses.LoginSauseUI -->
      <class name="testClasses.LogoutUItest">
        <test-method signature="logoutest()[pri:0, instance:testClasses.LogoutUItest@3bb9a3ff]" started-at="2025-12-28T14:09:30 IST" name="logoutest" finished-at="2025-12-28T14:09:30 IST" duration-ms="150" status="PASS">
          <reporter-output>
          </reporter-output>
        </test-method> <!-- logoutest -->
        <test-method is-config="true" signature="failedscreenshot(org.testng.ITestResult)[pri:0, instance:testClasses.LogoutUItest@3bb9a3ff]" started-at="2025-12-28T14:09:30 IST" name="failedscreenshot" finished-at="2025-12-28T14:09:30 IST" duration-ms="0" status="PASS">
          <params>
            <param index="0">
              <value>
                <![CDATA[[TestResult name=logoutest status=SUCCESS method=LogoutUItest.logoutest()[pri:0, instance:testClasses.LogoutUItest@3bb9a3ff] output={null}]]]>
              </value>
            </param>
          </params>
          <reporter-output>
          </reporter-output>
        </test-method> <!-- failedscreenshot -->
      </class> <!-- testClasses.LogoutUItest -->
    </test> <!-- logintest_chrome -->
  </suite> <!-- automation suite -->
</testng-results>
