<?xml version="1.0" encoding="UTF-8"?>
<!-- Generated by org.testng.reporters.JUnitXMLReporter -->
<testsuite ignored="2" hostname="veramasa-Lenovo-V15-G4-ABP" failures="0" tests="13" name="logintest" time="30.385" errors="0" timestamp="2025-10-28T22:41:54 IST">
  <testcase classname="testClasses.LoginSauseUI" name="logintest" time="0.906"/>
  <testcase classname="testClasses.LoginSauseUI" name="logintest" time="0.244"/>
  <testcase classname="testClasses.LoginSauseUI" name="logintest" time="0.221"/>
  <testcase classname="testClasses.LoginSauseUI" name="logintest" time="0.206"/>
  <testcase classname="testClasses.LoginSauseUI" name="logintest" time="0.208"/>
  <testcase classname="testClasses.LoginSauseUI" name="logintest" time="0.202"/>
  <testcase classname="testClasses.LoginSauseUI" name="logintest" time="0.19"/>
  <testcase classname="testClasses.LoginSauseUI" name="logintest" time="0.198"/>
  <testcase classname="testClasses.LoginSauseUI" name="logintest" time="0.193"/>
  <testcase classname="testClasses.LoginSauseUI" name="logintest" time="0.183"/>
  <testcase classname="testClasses.LoginSauseUI" name="logintest" time="0.186"/>
  <testcase classname="testClasses.LoginSauseUI" name="logintest" time="0.217"/>
  <testcase classname="testClasses.HomePageTestUI" name="HomeScreen" time="26.669"/>
  <testcase classname="testUtility.BaseClass" name="@BeforeSuite beforesuite" time="0.0">
    <ignored/>
  </testcase> <!-- @BeforeSuite beforesuite -->
  <testcase classname="testUtility.BaseClass" name="@AfterSuite tearDown" time="0.0">
    <ignored/>
  </testcase> <!-- @AfterSuite tearDown -->
</testsuite> <!-- logintest -->
