<?xml version="1.0" encoding="UTF-8"?>
<!-- Generated by org.testng.reporters.JUnitXMLReporter -->
<testsuite ignored="2" hostname="veramasa-Lenovo-V15-G4-ABP" failures="0" tests="13" name="logintest_chrome" time="6.6" errors="0" timestamp="2025-10-29T16:26:34 IST">
  <testcase classname="testClasses.LoginSauseUI" name="logintest" time="0.789"/>
  <testcase classname="testClasses.LoginSauseUI" name="logintest" time="0.291"/>
  <testcase classname="testClasses.LoginSauseUI" name="logintest" time="0.253"/>
  <testcase classname="testClasses.LoginSauseUI" name="logintest" time="0.252"/>
  <testcase classname="testClasses.LoginSauseUI" name="logintest" time="0.271"/>
  <testcase classname="testClasses.LoginSauseUI" name="logintest" time="0.856"/>
  <testcase classname="testClasses.LoginSauseUI" name="logintest" time="0.361"/>
  <testcase classname="testClasses.LoginSauseUI" name="logintest" time="0.392"/>
  <testcase classname="testClasses.LoginSauseUI" name="logintest" time="0.382"/>
  <testcase classname="testClasses.LoginSauseUI" name="logintest" time="0.358"/>
  <testcase classname="testClasses.LoginSauseUI" name="logintest" time="0.355"/>
  <testcase classname="testClasses.LoginSauseUI" name="logintest" time="0.354"/>
  <testcase classname="testClasses.HomePageTestUI" name="HomeScreen" time="0.089"/>
  <testcase classname="testUtility.BaseClass" name="@AfterSuite tearDown" time="0.0">
    <ignored/>
  </testcase> <!-- @AfterSuite tearDown -->
  <testcase classname="testUtility.BaseClass" name="@BeforeTest beforesuite" time="0.0">
    <ignored/>
  </testcase> <!-- @BeforeTest beforesuite -->
</testsuite> <!-- logintest_chrome -->
