<?xml version="1.0" encoding="UTF-8"?>
<!-- Generated by org.testng.reporters.JUnitXMLReporter -->
<testsuite ignored="1" hostname="veramasa-Lenovo-V15-G4-ABP" failures="0" tests="1" name="logintest" time="1.207" errors="0" timestamp="2025-10-11T13:38:31 IST">
  <testcase classname="testClasses.LoginTestUI" name="loginuitest" time="1.187"/>
  <testcase classname="testClasses.LoginTestUI" name="logintest" time="0.0">
    <ignored/>
  </testcase> <!-- logintest -->
</testsuite> <!-- logintest -->
