<?xml version="1.0" encoding="UTF-8"?>
<!-- Generated by org.testng.reporters.JUnitXMLReporter -->
<testsuite ignored="2" hostname="veramasa-Lenovo-V15-G4-ABP" failures="0" tests="13" name="logintest_firefox" time="35.527" errors="0" timestamp="2025-10-29T16:27:03 IST">
  <testcase classname="testClasses.LoginSauseUI" name="logintest" time="0.67"/>
  <testcase classname="testClasses.LoginSauseUI" name="logintest" time="0.362"/>
  <testcase classname="testClasses.LoginSauseUI" name="logintest" time="0.389"/>
  <testcase classname="testClasses.LoginSauseUI" name="logintest" time="0.382"/>
  <testcase classname="testClasses.LoginSauseUI" name="logintest" time="0.358"/>
  <testcase classname="testClasses.LoginSauseUI" name="logintest" time="0.356"/>
  <testcase classname="testClasses.LoginSauseUI" name="logintest" time="0.352"/>
  <testcase classname="testClasses.LoginSauseUI" name="logintest" time="0.202"/>
  <testcase classname="testClasses.LoginSauseUI" name="logintest" time="0.202"/>
  <testcase classname="testClasses.LoginSauseUI" name="logintest" time="0.193"/>
  <testcase classname="testClasses.LoginSauseUI" name="logintest" time="0.191"/>
  <testcase classname="testClasses.LoginSauseUI" name="logintest" time="0.231"/>
  <testcase classname="testClasses.HomePageTestUI" name="HomeScreen" time="27.993"/>
  <testcase classname="testUtility.BaseClass" name="@AfterSuite tearDown" time="0.0">
    <ignored/>
  </testcase> <!-- @AfterSuite tearDown -->
  <testcase classname="testUtility.BaseClass" name="@BeforeTest beforesuite" time="0.0">
    <ignored/>
  </testcase> <!-- @BeforeTest beforesuite -->
</testsuite> <!-- logintest_firefox -->
