<?xml version="1.0" encoding="UTF-8"?>
<!-- Generated by org.testng.reporters.JUnitXMLReporter -->
<testsuite ignored="2" hostname="veramasa-Lenovo-V15-G4-ABP" failures="0" tests="13" name="logintest_firefox" time="47.868" errors="0" timestamp="2025-10-29T17:31:31 IST">
  <testcase classname="testClasses.LoginSauseUI" name="logintest" time="1.868"/>
  <testcase classname="testClasses.LoginSauseUI" name="logintest" time="1.381"/>
  <testcase classname="testClasses.LoginSauseUI" name="logintest" time="1.378"/>
  <testcase classname="testClasses.LoginSauseUI" name="logintest" time="1.372"/>
  <testcase classname="testClasses.LoginSauseUI" name="logintest" time="1.369"/>
  <testcase classname="testClasses.LoginSauseUI" name="logintest" time="1.441"/>
  <testcase classname="testClasses.LoginSauseUI" name="logintest" time="1.363"/>
  <testcase classname="testClasses.LoginSauseUI" name="logintest" time="1.348"/>
  <testcase classname="testClasses.LoginSauseUI" name="logintest" time="1.371"/>
  <testcase classname="testClasses.LoginSauseUI" name="logintest" time="1.403"/>
  <testcase classname="testClasses.LoginSauseUI" name="logintest" time="1.357"/>
  <testcase classname="testClasses.LoginSauseUI" name="logintest" time="1.327"/>
  <testcase classname="testClasses.HomePageTestUI" name="HomeScreen" time="27.705"/>
  <testcase classname="testUtility.BaseClass" name="@AfterSuite tearDown" time="0.0">
    <ignored/>
  </testcase> <!-- @AfterSuite tearDown -->
  <testcase classname="testUtility.BaseClass" name="@BeforeTest beforetest" time="0.0">
    <ignored/>
  </testcase> <!-- @BeforeTest beforetest -->
</testsuite> <!-- logintest_firefox -->
