<?xml version="1.0" encoding="UTF-8"?>
<!-- Generated by org.testng.reporters.JUnitXMLReporter -->
<testsuite ignored="2" hostname="veramasa-Lenovo-V15-G4-ABP" failures="0" tests="12" name="logintest_chrome" time="74.385" errors="0" timestamp="2025-11-27T12:24:29 IST">
  <testcase classname="testClasses.LoginSauseUI" name="logintest" time="4.619"/>
  <testcase classname="testClasses.LoginSauseUI" name="logintest" time="4.22"/>
  <testcase classname="testClasses.LoginSauseUI" name="logintest" time="4.202"/>
  <testcase classname="testClasses.LoginSauseUI" name="logintest" time="4.197"/>
  <testcase classname="testClasses.LoginSauseUI" name="logintest" time="4.199"/>
  <testcase classname="testClasses.LoginSauseUI" name="logintest" time="4.19"/>
  <testcase classname="testClasses.LoginSauseUI" name="logintest" time="4.194"/>
  <testcase classname="testClasses.LoginSauseUI" name="logintest" time="4.193"/>
  <testcase classname="testClasses.LoginSauseUI" name="logintest" time="4.19"/>
  <testcase classname="testClasses.LoginSauseUI" name="logintest" time="4.188"/>
  <testcase classname="testClasses.LoginSauseUI" name="logintest" time="4.231"/>
  <testcase classname="testClasses.HomePageTestUI" name="HomeScreen" time="26.136"/>
  <testcase classname="testUtility.BaseClass" name="@BeforeTest beforetest" time="0.0">
    <ignored/>
  </testcase> <!-- @BeforeTest beforetest -->
  <testcase classname="testUtility.BaseClass" name="@AfterSuite tearDown" time="0.0">
    <ignored/>
  </testcase> <!-- @AfterSuite tearDown -->
</testsuite> <!-- logintest_chrome -->
