<?xml version="1.0" encoding="UTF-8"?>
<testng-results ignored="0" total="13" passed="12" failed="1" skipped="0">
  <reporter-output>
  </reporter-output>
  <suite started-at="2025-10-16T18:11:39 IST" name="automation suite" finished-at="2025-10-16T18:11:51 IST" duration-ms="11465">
    <groups>
    </groups>
    <test started-at="2025-10-16T18:11:39 IST" name="logintest" finished-at="2025-10-16T18:11:51 IST" duration-ms="11465">
      <class name="testClasses.LoginSauseUI">
        <test-method is-config="true" signature="beforesuite()[pri:0, instance:testClasses.LoginSauseUI@22ff4249]" started-at="2025-10-16T18:11:38 IST" name="beforesuite" finished-at="2025-10-16T18:11:39 IST" duration-ms="924" status="PASS">
          <reporter-output>
          </reporter-output>
        </test-method> <!-- beforesuite -->
        <test-method signature="logintest(java.lang.String,java.lang.String)[pri:0, instance:testClasses.LoginSauseUI@22ff4249]" started-at="2025-10-16T18:11:40 IST" name="logintest" data-provider="logindata" finished-at="2025-10-16T18:11:40 IST" duration-ms="665" status="PASS">
          <params>
            <param index="0">
              <value>
                <![CDATA[standard_user]]>
              </value>
            </param>
            <param index="1">
              <value>
                <![CDATA[secret_sauce]]>
              </value>
            </param>
          </params>
          <reporter-output>
          </reporter-output>
        </test-method> <!-- logintest -->
        <test-method signature="logintest(java.lang.String,java.lang.String)[pri:0, instance:testClasses.LoginSauseUI@22ff4249]" started-at="2025-10-16T18:11:40 IST" name="logintest" data-provider="logindata" finished-at="2025-10-16T18:11:40 IST" duration-ms="229" status="PASS">
          <params>
            <param index="0">
              <value>
                <![CDATA[standard_use]]>
              </value>
            </param>
            <param index="1">
              <value>
                <![CDATA[secret_sauce]]>
              </value>
            </param>
          </params>
          <reporter-output>
          </reporter-output>
        </test-method> <!-- logintest -->
        <test-method signature="logintest(java.lang.String,java.lang.String)[pri:0, instance:testClasses.LoginSauseUI@22ff4249]" started-at="2025-10-16T18:11:40 IST" name="logintest" data-provider="logindata" finished-at="2025-10-16T18:11:41 IST" duration-ms="198" status="PASS">
          <params>
            <param index="0">
              <value>
                <![CDATA[standard_user]]>
              </value>
            </param>
            <param index="1">
              <value>
                <![CDATA[secret_sauc]]>
              </value>
            </param>
          </params>
          <reporter-output>
          </reporter-output>
        </test-method> <!-- logintest -->
        <test-method signature="logintest(java.lang.String,java.lang.String)[pri:0, instance:testClasses.LoginSauseUI@22ff4249]" started-at="2025-10-16T18:11:41 IST" name="logintest" data-provider="logindata" finished-at="2025-10-16T18:11:41 IST" duration-ms="199" status="PASS">
          <params>
            <param index="0">
              <value>
                <![CDATA[standard_use]]>
              </value>
            </param>
            <param index="1">
              <value>
                <![CDATA[secret_sauc]]>
              </value>
            </param>
          </params>
          <reporter-output>
          </reporter-output>
        </test-method> <!-- logintest -->
        <test-method signature="logintest(java.lang.String,java.lang.String)[pri:0, instance:testClasses.LoginSauseUI@22ff4249]" started-at="2025-10-16T18:11:41 IST" name="logintest" data-provider="logindata" finished-at="2025-10-16T18:11:41 IST" duration-ms="197" status="PASS">
          <params>
            <param index="0">
              <value>
                <![CDATA[     ]]>
              </value>
            </param>
            <param index="1">
              <value>
                <![CDATA[secret_sauc]]>
              </value>
            </param>
          </params>
          <reporter-output>
          </reporter-output>
        </test-method> <!-- logintest -->
        <test-method signature="logintest(java.lang.String,java.lang.String)[pri:0, instance:testClasses.LoginSauseUI@22ff4249]" started-at="2025-10-16T18:11:41 IST" name="logintest" data-provider="logindata" finished-at="2025-10-16T18:11:41 IST" duration-ms="189" status="PASS">
          <params>
            <param index="0">
              <value>
                <![CDATA[standard_user]]>
              </value>
            </param>
            <param index="1">
              <value>
                <![CDATA[      ]]>
              </value>
            </param>
          </params>
          <reporter-output>
          </reporter-output>
        </test-method> <!-- logintest -->
        <test-method signature="logintest(java.lang.String,java.lang.String)[pri:0, instance:testClasses.LoginSauseUI@22ff4249]" started-at="2025-10-16T18:11:41 IST" name="logintest" data-provider="logindata" finished-at="2025-10-16T18:11:41 IST" duration-ms="193" status="PASS">
          <params>
            <param index="0">
              <value>
                <![CDATA[@@@@]]>
              </value>
            </param>
            <param index="1">
              <value>
                <![CDATA[@@@@]]>
              </value>
            </param>
          </params>
          <reporter-output>
          </reporter-output>
        </test-method> <!-- logintest -->
        <test-method signature="logintest(java.lang.String,java.lang.String)[pri:0, instance:testClasses.LoginSauseUI@22ff4249]" started-at="2025-10-16T18:11:41 IST" name="logintest" data-provider="logindata" finished-at="2025-10-16T18:11:42 IST" duration-ms="190" status="PASS">
          <params>
            <param index="0">
              <value>
                <![CDATA[6655656]]>
              </value>
            </param>
            <param index="1">
              <value>
                <![CDATA[565665]]>
              </value>
            </param>
          </params>
          <reporter-output>
          </reporter-output>
        </test-method> <!-- logintest -->
        <test-method signature="logintest(java.lang.String,java.lang.String)[pri:0, instance:testClasses.LoginSauseUI@22ff4249]" started-at="2025-10-16T18:11:42 IST" name="logintest" data-provider="logindata" finished-at="2025-10-16T18:11:42 IST" duration-ms="194" status="PASS">
          <params>
            <param index="0">
              <value>
                <![CDATA[5546654]]>
              </value>
            </param>
            <param index="1">
              <value>
                <![CDATA[secret_sauc]]>
              </value>
            </param>
          </params>
          <reporter-output>
          </reporter-output>
        </test-method> <!-- logintest -->
        <test-method signature="logintest(java.lang.String,java.lang.String)[pri:0, instance:testClasses.LoginSauseUI@22ff4249]" started-at="2025-10-16T18:11:42 IST" name="logintest" data-provider="logindata" finished-at="2025-10-16T18:11:42 IST" duration-ms="182" status="PASS">
          <params>
            <param index="0">
              <value>
                <![CDATA[,,,,]]>
              </value>
            </param>
            <param index="1">
              <value>
                <![CDATA[      ]]>
              </value>
            </param>
          </params>
          <reporter-output>
          </reporter-output>
        </test-method> <!-- logintest -->
        <test-method signature="logintest(java.lang.String,java.lang.String)[pri:0, instance:testClasses.LoginSauseUI@22ff4249]" started-at="2025-10-16T18:11:42 IST" name="logintest" data-provider="logindata" finished-at="2025-10-16T18:11:42 IST" duration-ms="183" status="PASS">
          <params>
            <param index="0">
              <value>
                <![CDATA[     ]]>
              </value>
            </param>
            <param index="1">
              <value>
                <![CDATA[,,,,,,]]>
              </value>
            </param>
          </params>
          <reporter-output>
          </reporter-output>
        </test-method> <!-- logintest -->
        <test-method signature="logintest(java.lang.String,java.lang.String)[pri:0, instance:testClasses.LoginSauseUI@22ff4249]" started-at="2025-10-16T18:11:42 IST" name="logintest" data-provider="logindata" finished-at="2025-10-16T18:11:42 IST" duration-ms="201" status="PASS">
          <params>
            <param index="0">
              <value>
                <![CDATA[standard_user]]>
              </value>
            </param>
            <param index="1">
              <value>
                <![CDATA[secret_sauce]]>
              </value>
            </param>
          </params>
          <reporter-output>
          </reporter-output>
        </test-method> <!-- logintest -->
        <test-method is-config="true" signature="tearDown()[pri:0, instance:testClasses.LoginSauseUI@22ff4249]" started-at="2025-10-16T18:11:51 IST" name="tearDown" finished-at="2025-10-16T18:11:51 IST" duration-ms="168" status="PASS">
          <reporter-output>
          </reporter-output>
        </test-method> <!-- tearDown -->
      </class> <!-- testClasses.LoginSauseUI -->
      <class name="testClasses.HomePageTestUI">
        <test-method signature="HomeScreen()[pri:0, instance:testClasses.HomePageTestUI@815b41f]" started-at="2025-10-16T18:11:42 IST" name="HomeScreen" finished-at="2025-10-16T18:11:51 IST" duration-ms="8081" status="FAIL">
          <exception class="java.lang.AssertionError">
            <message>
              <![CDATA[sause was not there expected [true] but found [false]]]>
            </message>
            <full-stacktrace>
              <![CDATA[java.lang.AssertionError: sause was not there expected [true] but found [false]
at org.testng.Assert.fail(Assert.java:111)
at org.testng.Assert.failNotEquals(Assert.java:1578)
at org.testng.Assert.assertTrue(Assert.java:57)
at testClasses.HomePageTestUI.HomeScreen(HomePageTestUI.java:31)
at java.base/jdk.internal.reflect.DirectMethodHandleAccessor.invoke(DirectMethodHandleAccessor.java:103)
at java.base/java.lang.reflect.Method.invoke(Method.java:580)
at org.testng.internal.invokers.MethodInvocationHelper.invokeMethod(MethodInvocationHelper.java:139)
at org.testng.internal.invokers.TestInvoker.invokeMethod(TestInvoker.java:664)
at org.testng.internal.invokers.TestInvoker.invokeTestMethod(TestInvoker.java:228)
at org.testng.internal.invokers.MethodRunner.runInSequence(MethodRunner.java:63)
at org.testng.internal.invokers.TestInvoker$MethodInvocationAgent.invoke(TestInvoker.java:961)
at org.testng.internal.invokers.TestInvoker.invokeTestMethods(TestInvoker.java:201)
at org.testng.internal.invokers.TestMethodWorker.invokeTestMethods(TestMethodWorker.java:148)
at org.testng.internal.invokers.TestMethodWorker.run(TestMethodWorker.java:128)
at java.base/java.util.ArrayList.forEach(ArrayList.java:1596)
at org.testng.TestRunner.privateRun(TestRunner.java:819)
at org.testng.TestRunner.run(TestRunner.java:619)
at org.testng.SuiteRunner.runTest(SuiteRunner.java:443)
at org.testng.SuiteRunner.runSequentially(SuiteRunner.java:437)
at org.testng.SuiteRunner.privateRun(SuiteRunner.java:397)
at org.testng.SuiteRunner.run(SuiteRunner.java:336)
at org.testng.SuiteRunnerWorker.runSuite(SuiteRunnerWorker.java:52)
at org.testng.SuiteRunnerWorker.run(SuiteRunnerWorker.java:95)
at org.testng.TestNG.runSuitesSequentially(TestNG.java:1301)
at org.testng.TestNG.runSuitesLocally(TestNG.java:1228)
at org.testng.TestNG.runSuites(TestNG.java:1134)
at org.testng.TestNG.run(TestNG.java:1101)
at org.testng.remote.AbstractRemoteTestNG.run(AbstractRemoteTestNG.java:115)
at org.testng.remote.RemoteTestNG.initAndRun(RemoteTestNG.java:293)
at org.testng.remote.RemoteTestNG.main(RemoteTestNG.java:91)
]]>
            </full-stacktrace>
          </exception> <!-- java.lang.AssertionError -->
          <reporter-output>
          </reporter-output>
        </test-method> <!-- HomeScreen -->
      </class> <!-- testClasses.HomePageTestUI -->
    </test> <!-- logintest -->
  </suite> <!-- automation suite -->
</testng-results>
