<?xml version="1.0" encoding="UTF-8"?>
<testng-results ignored="0" total="12" passed="12" failed="0" skipped="0">
  <reporter-output>
  </reporter-output>
  <suite started-at="2025-10-29T17:50:36 IST" name="automation suite" finished-at="2025-10-29T17:51:50 IST" duration-ms="74159">
    <groups>
    </groups>
    <test started-at="2025-10-29T17:50:36 IST" name="logintest_chrome" finished-at="2025-10-29T17:51:50 IST" duration-ms="74159">
      <class name="testClasses.LoginSauseUI">
        <test-method is-config="true" signature="beforetest(java.lang.String)[pri:0, instance:testClasses.LoginSauseUI@815b41f]" started-at="2025-10-29T17:50:36 IST" name="beforetest" finished-at="2025-10-29T17:50:37 IST" duration-ms="1059" status="PASS">
          <params>
            <param index="0">
              <value>
                <![CDATA[chrome]]>
              </value>
            </param>
          </params>
          <reporter-output>
          </reporter-output>
        </test-method> <!-- beforetest -->
        <test-method signature="logintest(java.lang.String,java.lang.String)[pri:0, instance:testClasses.LoginSauseUI@815b41f]" started-at="2025-10-29T17:50:37 IST" name="logintest" data-provider="logindata" finished-at="2025-10-29T17:50:42 IST" duration-ms="4636" status="PASS">
          <params>
            <param index="0">
              <value>
                <![CDATA[standard_use]]>
              </value>
            </param>
            <param index="1">
              <value>
                <![CDATA[secret_sauce]]>
              </value>
            </param>
          </params>
          <reporter-output>
          </reporter-output>
        </test-method> <!-- logintest -->
        <test-method is-config="true" signature="failedscreenshot(org.testng.ITestResult)[pri:0, instance:testClasses.LoginSauseUI@815b41f]" started-at="2025-10-29T17:50:42 IST" name="failedscreenshot" finished-at="2025-10-29T17:50:42 IST" duration-ms="0" status="PASS">
          <params>
            <param index="0">
              <value>
                <![CDATA[[TestResult name=logintest status=SUCCESS method=LoginSauseUI.logintest(java.lang.String,java.lang.String)[pri:0, instance:testClasses.LoginSauseUI@815b41f] output={null}]]]>
              </value>
            </param>
          </params>
          <reporter-output>
          </reporter-output>
        </test-method> <!-- failedscreenshot -->
        <test-method signature="logintest(java.lang.String,java.lang.String)[pri:0, instance:testClasses.LoginSauseUI@815b41f]" started-at="2025-10-29T17:50:42 IST" name="logintest" data-provider="logindata" finished-at="2025-10-29T17:50:46 IST" duration-ms="4206" status="PASS">
          <params>
            <param index="0">
              <value>
                <![CDATA[standard_user]]>
              </value>
            </param>
            <param index="1">
              <value>
                <![CDATA[secret_sauc]]>
              </value>
            </param>
          </params>
          <reporter-output>
          </reporter-output>
        </test-method> <!-- logintest -->
        <test-method signature="logintest(java.lang.String,java.lang.String)[pri:0, instance:testClasses.LoginSauseUI@815b41f]" started-at="2025-10-29T17:50:46 IST" name="logintest" data-provider="logindata" finished-at="2025-10-29T17:50:50 IST" duration-ms="4195" status="PASS">
          <params>
            <param index="0">
              <value>
                <![CDATA[standard_use]]>
              </value>
            </param>
            <param index="1">
              <value>
                <![CDATA[secret_sauc]]>
              </value>
            </param>
          </params>
          <reporter-output>
          </reporter-output>
        </test-method> <!-- logintest -->
        <test-method is-config="true" signature="failedscreenshot(org.testng.ITestResult)[pri:0, instance:testClasses.LoginSauseUI@815b41f]" started-at="2025-10-29T17:50:46 IST" name="failedscreenshot" finished-at="2025-10-29T17:50:46 IST" duration-ms="0" status="PASS">
          <params>
            <param index="0">
              <value>
                <![CDATA[[TestResult name=logintest status=SUCCESS method=LoginSauseUI.logintest(java.lang.String,java.lang.String)[pri:0, instance:testClasses.LoginSauseUI@815b41f] output={null}]]]>
              </value>
            </param>
          </params>
          <reporter-output>
          </reporter-output>
        </test-method> <!-- failedscreenshot -->
        <test-method is-config="true" signature="failedscreenshot(org.testng.ITestResult)[pri:0, instance:testClasses.LoginSauseUI@815b41f]" started-at="2025-10-29T17:50:50 IST" name="failedscreenshot" finished-at="2025-10-29T17:50:50 IST" duration-ms="1" status="PASS">
          <params>
            <param index="0">
              <value>
                <![CDATA[[TestResult name=logintest status=SUCCESS method=LoginSauseUI.logintest(java.lang.String,java.lang.String)[pri:0, instance:testClasses.LoginSauseUI@815b41f] output={null}]]]>
              </value>
            </param>
          </params>
          <reporter-output>
          </reporter-output>
        </test-method> <!-- failedscreenshot -->
        <test-method signature="logintest(java.lang.String,java.lang.String)[pri:0, instance:testClasses.LoginSauseUI@815b41f]" started-at="2025-10-29T17:50:50 IST" name="logintest" data-provider="logindata" finished-at="2025-10-29T17:50:55 IST" duration-ms="4186" status="PASS">
          <params>
            <param index="0">
              <value>
                <![CDATA[     ]]>
              </value>
            </param>
            <param index="1">
              <value>
                <![CDATA[secret_sauc]]>
              </value>
            </param>
          </params>
          <reporter-output>
          </reporter-output>
        </test-method> <!-- logintest -->
        <test-method is-config="true" signature="failedscreenshot(org.testng.ITestResult)[pri:0, instance:testClasses.LoginSauseUI@815b41f]" started-at="2025-10-29T17:50:55 IST" name="failedscreenshot" finished-at="2025-10-29T17:50:55 IST" duration-ms="1" status="PASS">
          <params>
            <param index="0">
              <value>
                <![CDATA[[TestResult name=logintest status=SUCCESS method=LoginSauseUI.logintest(java.lang.String,java.lang.String)[pri:0, instance:testClasses.LoginSauseUI@815b41f] output={null}]]]>
              </value>
            </param>
          </params>
          <reporter-output>
          </reporter-output>
        </test-method> <!-- failedscreenshot -->
        <test-method signature="logintest(java.lang.String,java.lang.String)[pri:0, instance:testClasses.LoginSauseUI@815b41f]" started-at="2025-10-29T17:50:55 IST" name="logintest" data-provider="logindata" finished-at="2025-10-29T17:50:59 IST" duration-ms="4188" status="PASS">
          <params>
            <param index="0">
              <value>
                <![CDATA[standard_user]]>
              </value>
            </param>
            <param index="1">
              <value>
                <![CDATA[      ]]>
              </value>
            </param>
          </params>
          <reporter-output>
          </reporter-output>
        </test-method> <!-- logintest -->
        <test-method is-config="true" signature="failedscreenshot(org.testng.ITestResult)[pri:0, instance:testClasses.LoginSauseUI@815b41f]" started-at="2025-10-29T17:50:59 IST" name="failedscreenshot" finished-at="2025-10-29T17:50:59 IST" duration-ms="0" status="PASS">
          <params>
            <param index="0">
              <value>
                <![CDATA[[TestResult name=logintest status=SUCCESS method=LoginSauseUI.logintest(java.lang.String,java.lang.String)[pri:0, instance:testClasses.LoginSauseUI@815b41f] output={null}]]]>
              </value>
            </param>
          </params>
          <reporter-output>
          </reporter-output>
        </test-method> <!-- failedscreenshot -->
        <test-method signature="logintest(java.lang.String,java.lang.String)[pri:0, instance:testClasses.LoginSauseUI@815b41f]" started-at="2025-10-29T17:50:59 IST" name="logintest" data-provider="logindata" finished-at="2025-10-29T17:51:03 IST" duration-ms="4180" status="PASS">
          <params>
            <param index="0">
              <value>
                <![CDATA[@@@@]]>
              </value>
            </param>
            <param index="1">
              <value>
                <![CDATA[@@@@]]>
              </value>
            </param>
          </params>
          <reporter-output>
          </reporter-output>
        </test-method> <!-- logintest -->
        <test-method signature="logintest(java.lang.String,java.lang.String)[pri:0, instance:testClasses.LoginSauseUI@815b41f]" started-at="2025-10-29T17:51:03 IST" name="logintest" data-provider="logindata" finished-at="2025-10-29T17:51:07 IST" duration-ms="4180" status="PASS">
          <params>
            <param index="0">
              <value>
                <![CDATA[6655656]]>
              </value>
            </param>
            <param index="1">
              <value>
                <![CDATA[565665]]>
              </value>
            </param>
          </params>
          <reporter-output>
          </reporter-output>
        </test-method> <!-- logintest -->
        <test-method is-config="true" signature="failedscreenshot(org.testng.ITestResult)[pri:0, instance:testClasses.LoginSauseUI@815b41f]" started-at="2025-10-29T17:51:03 IST" name="failedscreenshot" finished-at="2025-10-29T17:51:03 IST" duration-ms="0" status="PASS">
          <params>
            <param index="0">
              <value>
                <![CDATA[[TestResult name=logintest status=SUCCESS method=LoginSauseUI.logintest(java.lang.String,java.lang.String)[pri:0, instance:testClasses.LoginSauseUI@815b41f] output={null}]]]>
              </value>
            </param>
          </params>
          <reporter-output>
          </reporter-output>
        </test-method> <!-- failedscreenshot -->
        <test-method is-config="true" signature="failedscreenshot(org.testng.ITestResult)[pri:0, instance:testClasses.LoginSauseUI@815b41f]" started-at="2025-10-29T17:51:07 IST" name="failedscreenshot" finished-at="2025-10-29T17:51:07 IST" duration-ms="0" status="PASS">
          <params>
            <param index="0">
              <value>
                <![CDATA[[TestResult name=logintest status=SUCCESS method=LoginSauseUI.logintest(java.lang.String,java.lang.String)[pri:0, instance:testClasses.LoginSauseUI@815b41f] output={null}]]]>
              </value>
            </param>
          </params>
          <reporter-output>
          </reporter-output>
        </test-method> <!-- failedscreenshot -->
        <test-method signature="logintest(java.lang.String,java.lang.String)[pri:0, instance:testClasses.LoginSauseUI@815b41f]" started-at="2025-10-29T17:51:07 IST" name="logintest" data-provider="logindata" finished-at="2025-10-29T17:51:11 IST" duration-ms="4181" status="PASS">
          <params>
            <param index="0">
              <value>
                <![CDATA[5546654]]>
              </value>
            </param>
            <param index="1">
              <value>
                <![CDATA[secret_sauc]]>
              </value>
            </param>
          </params>
          <reporter-output>
          </reporter-output>
        </test-method> <!-- logintest -->
        <test-method is-config="true" signature="failedscreenshot(org.testng.ITestResult)[pri:0, instance:testClasses.LoginSauseUI@815b41f]" started-at="2025-10-29T17:51:11 IST" name="failedscreenshot" finished-at="2025-10-29T17:51:11 IST" duration-ms="1" status="PASS">
          <params>
            <param index="0">
              <value>
                <![CDATA[[TestResult name=logintest status=SUCCESS method=LoginSauseUI.logintest(java.lang.String,java.lang.String)[pri:0, instance:testClasses.LoginSauseUI@815b41f] output={null}]]]>
              </value>
            </param>
          </params>
          <reporter-output>
          </reporter-output>
        </test-method> <!-- failedscreenshot -->
        <test-method signature="logintest(java.lang.String,java.lang.String)[pri:0, instance:testClasses.LoginSauseUI@815b41f]" started-at="2025-10-29T17:51:11 IST" name="logintest" data-provider="logindata" finished-at="2025-10-29T17:51:15 IST" duration-ms="4177" status="PASS">
          <params>
            <param index="0">
              <value>
                <![CDATA[,,,,]]>
              </value>
            </param>
            <param index="1">
              <value>
                <![CDATA[      ]]>
              </value>
            </param>
          </params>
          <reporter-output>
          </reporter-output>
        </test-method> <!-- logintest -->
        <test-method signature="logintest(java.lang.String,java.lang.String)[pri:0, instance:testClasses.LoginSauseUI@815b41f]" started-at="2025-10-29T17:51:15 IST" name="logintest" data-provider="logindata" finished-at="2025-10-29T17:51:20 IST" duration-ms="4175" status="PASS">
          <params>
            <param index="0">
              <value>
                <![CDATA[     ]]>
              </value>
            </param>
            <param index="1">
              <value>
                <![CDATA[,,,,,,]]>
              </value>
            </param>
          </params>
          <reporter-output>
          </reporter-output>
        </test-method> <!-- logintest -->
        <test-method is-config="true" signature="failedscreenshot(org.testng.ITestResult)[pri:0, instance:testClasses.LoginSauseUI@815b41f]" started-at="2025-10-29T17:51:15 IST" name="failedscreenshot" finished-at="2025-10-29T17:51:15 IST" duration-ms="0" status="PASS">
          <params>
            <param index="0">
              <value>
                <![CDATA[[TestResult name=logintest status=SUCCESS method=LoginSauseUI.logintest(java.lang.String,java.lang.String)[pri:0, instance:testClasses.LoginSauseUI@815b41f] output={null}]]]>
              </value>
            </param>
          </params>
          <reporter-output>
          </reporter-output>
        </test-method> <!-- failedscreenshot -->
        <test-method signature="logintest(java.lang.String,java.lang.String)[pri:0, instance:testClasses.LoginSauseUI@815b41f]" started-at="2025-10-29T17:51:20 IST" name="logintest" data-provider="logindata" finished-at="2025-10-29T17:51:24 IST" duration-ms="4205" status="PASS">
          <params>
            <param index="0">
              <value>
                <![CDATA[standard_user]]>
              </value>
            </param>
            <param index="1">
              <value>
                <![CDATA[secret_sauce]]>
              </value>
            </param>
          </params>
          <reporter-output>
          </reporter-output>
        </test-method> <!-- logintest -->
        <test-method is-config="true" signature="failedscreenshot(org.testng.ITestResult)[pri:0, instance:testClasses.LoginSauseUI@815b41f]" started-at="2025-10-29T17:51:20 IST" name="failedscreenshot" finished-at="2025-10-29T17:51:20 IST" duration-ms="0" status="PASS">
          <params>
            <param index="0">
              <value>
                <![CDATA[[TestResult name=logintest status=SUCCESS method=LoginSauseUI.logintest(java.lang.String,java.lang.String)[pri:0, instance:testClasses.LoginSauseUI@815b41f] output={null}]]]>
              </value>
            </param>
          </params>
          <reporter-output>
          </reporter-output>
        </test-method> <!-- failedscreenshot -->
        <test-method is-config="true" signature="failedscreenshot(org.testng.ITestResult)[pri:0, instance:testClasses.LoginSauseUI@815b41f]" started-at="2025-10-29T17:51:24 IST" name="failedscreenshot" finished-at="2025-10-29T17:51:24 IST" duration-ms="0" status="PASS">
          <params>
            <param index="0">
              <value>
                <![CDATA[[TestResult name=logintest status=SUCCESS method=LoginSauseUI.logintest(java.lang.String,java.lang.String)[pri:0, instance:testClasses.LoginSauseUI@815b41f] output={null}]]]>
              </value>
            </param>
          </params>
          <reporter-output>
          </reporter-output>
        </test-method> <!-- failedscreenshot -->
        <test-method is-config="true" signature="tearDown()[pri:0, instance:testClasses.LoginSauseUI@815b41f]" started-at="2025-10-29T17:51:50 IST" name="tearDown" finished-at="2025-10-29T17:51:50 IST" duration-ms="148" status="PASS">
          <reporter-output>
          </reporter-output>
        </test-method> <!-- tearDown -->
      </class> <!-- testClasses.LoginSauseUI -->
      <class name="testClasses.HomePageTestUI">
        <test-method signature="HomeScreen()[pri:0, instance:testClasses.HomePageTestUI@1f2586d6]" started-at="2025-10-29T17:51:24 IST" name="HomeScreen" finished-at="2025-10-29T17:51:50 IST" duration-ms="25983" status="PASS">
          <reporter-output>
          </reporter-output>
        </test-method> <!-- HomeScreen -->
        <test-method is-config="true" signature="failedscreenshot(org.testng.ITestResult)[pri:0, instance:testClasses.HomePageTestUI@1f2586d6]" started-at="2025-10-29T17:51:50 IST" name="failedscreenshot" finished-at="2025-10-29T17:51:50 IST" duration-ms="0" status="PASS">
          <params>
            <param index="0">
              <value>
                <![CDATA[[TestResult name=HomeScreen status=SUCCESS method=HomePageTestUI.HomeScreen()[pri:0, instance:testClasses.HomePageTestUI@1f2586d6] output={null}]]]>
              </value>
            </param>
          </params>
          <reporter-output>
          </reporter-output>
        </test-method> <!-- failedscreenshot -->
      </class> <!-- testClasses.HomePageTestUI -->
    </test> <!-- logintest_chrome -->
  </suite> <!-- automation suite -->
</testng-results>
