<?xml version="1.0" encoding="UTF-8"?>
<!-- Generated by org.testng.reporters.JUnitReportReporter -->
<testsuite hostname="veramasa-Lenovo-V15-G4-ABP" failures="0" tests="11" name="testClasses.LoginSauseUI" time="46.966" errors="0" timestamp="2025-12-28T14:09:30 IST" skipped="0">
  <testcase classname="testClasses.LoginSauseUI" name="logintest" time="4.196"/>
  <testcase classname="testClasses.LoginSauseUI" name="logintest" time="4.229"/>
  <testcase classname="testClasses.LoginSauseUI" name="logintest" time="4.193"/>
  <testcase classname="testClasses.LoginSauseUI" name="logintest" time="4.200"/>
  <testcase classname="testClasses.LoginSauseUI" name="logintest" time="4.196"/>
  <testcase classname="testClasses.LoginSauseUI" name="logintest" time="4.187"/>
  <testcase classname="testClasses.LoginSauseUI" name="logintest" time="4.219"/>
  <testcase classname="testClasses.LoginSauseUI" name="logintest" time="4.187"/>
  <testcase classname="testClasses.LoginSauseUI" name="logintest" time="4.197"/>
  <testcase classname="testClasses.LoginSauseUI" name="logintest" time="4.191"/>
  <testcase classname="testClasses.LoginSauseUI" name="logintest" time="4.971"/>
</testsuite> <!-- testClasses.LoginSauseUI -->
